[2020-10-21 12:15:43] local.ERROR: SQLSTATE[23000]: Integrity constraint violation: 1452 Cannot add or update a child row: a foreign key constraint fails (`spondon_demo`.`sm_sections`, CONSTRAINT `sm_sections_school_id_foreign` FOREIGN KEY (`school_id`) REFERENCES `sm_schools` (`id`) ON DELETE CASCADE) (SQL: insert into `sm_sections` (`section_name`, `created_at`, `school_id`, `updated_at`) values (A 2, 2020-10-21 12:15:42, 2, 2020-10-21 12:15:42)) {"exception":"[object] (Illuminate\\Database\\QueryException(code: 23000): SQLSTATE[23000]: Integrity constraint violation: 1452 Cannot add or update a child row: a foreign key constraint fails (`spondon_demo`.`sm_sections`, CONSTRAINT `sm_sections_school_id_foreign` FOREIGN KEY (`school_id`) REFERENCES `sm_schools` (`id`) ON DELETE CASCADE) (SQL: insert into `sm_sections` (`section_name`, `created_at`, `school_id`, `updated_at`) values (A 2, 2020-10-21 12:15:42, 2, 2020-10-21 12:15:42)) at E:\\laragon\\www\\schoolv5_2\\infixedu_v5.2\\vendor\\laravel\\framework\\src\\Illuminate\\Database\\Connection.php:671)
[stacktrace]
#0 E:\\laragon\\www\\schoolv5_2\\infixedu_v5.2\\vendor\\laravel\\framework\\src\\Illuminate\\Database\\Connection.php(631): Illuminate\\Database\\Connection->runQueryCallback('insert into `sm...', Array, Object(Closure))
#1 E:\\laragon\\www\\schoolv5_2\\infixedu_v5.2\\vendor\\laravel\\framework\\src\\Illuminate\\Database\\Connection.php(465): Illuminate\\Database\\Connection->run('insert into `sm...', Array, Object(Closure))
#2 E:\\laragon\\www\\schoolv5_2\\infixedu_v5.2\\vendor\\laravel\\framework\\src\\Illuminate\\Database\\Connection.php(417): Illuminate\\Database\\Connection->statement('insert into `sm...', Array)
#3 E:\\laragon\\www\\schoolv5_2\\infixedu_v5.2\\vendor\\laravel\\framework\\src\\Illuminate\\Database\\Query\\Processors\\Processor.php(32): Illuminate\\Database\\Connection->insert('insert into `sm...', Array)
#4 E:\\laragon\\www\\schoolv5_2\\infixedu_v5.2\\vendor\\laravel\\framework\\src\\Illuminate\\Database\\Query\\Builder.php(2829): Illuminate\\Database\\Query\\Processors\\Processor->processInsertGetId(Object(Illuminate\\Database\\Query\\Builder), 'insert into `sm...', Array, 'id')
#5 E:\\laragon\\www\\schoolv5_2\\infixedu_v5.2\\vendor\\laravel\\framework\\src\\Illuminate\\Database\\Eloquent\\Builder.php(1411): Illuminate\\Database\\Query\\Builder->insertGetId(Array, 'id')
#6 E:\\laragon\\www\\schoolv5_2\\infixedu_v5.2\\vendor\\laravel\\framework\\src\\Illuminate\\Database\\Eloquent\\Model.php(902): Illuminate\\Database\\Eloquent\\Builder->__call('insertGetId', Array)
#7 E:\\laragon\\www\\schoolv5_2\\infixedu_v5.2\\vendor\\laravel\\framework\\src\\Illuminate\\Database\\Eloquent\\Model.php(867): Illuminate\\Database\\Eloquent\\Model->insertAndSetId(Object(Illuminate\\Database\\Eloquent\\Builder), Array)
#8 E:\\laragon\\www\\schoolv5_2\\infixedu_v5.2\\vendor\\laravel\\framework\\src\\Illuminate\\Database\\Eloquent\\Model.php(730): Illuminate\\Database\\Eloquent\\Model->performInsert(Object(Illuminate\\Database\\Eloquent\\Builder))
#9 E:\\laragon\\www\\schoolv5_2\\infixedu_v5.2\\database\\seeds\\sm_sectionsSeeder.php(24): Illuminate\\Database\\Eloquent\\Model->save()
#10 [internal function]: sm_sectionsSeeder->run()
#11 E:\\laragon\\www\\schoolv5_2\\infixedu_v5.2\\vendor\\laravel\\framework\\src\\Illuminate\\Container\\BoundMethod.php(37): call_user_func_array(Array, Array)
#12 E:\\laragon\\www\\schoolv5_2\\infixedu_v5.2\\vendor\\laravel\\framework\\src\\Illuminate\\Container\\Util.php(37): Illuminate\\Container\\BoundMethod::Illuminate\\Container\\{closure}()
#13 E:\\laragon\\www\\schoolv5_2\\infixedu_v5.2\\vendor\\laravel\\framework\\src\\Illuminate\\Container\\BoundMethod.php(95): Illuminate\\Container\\Util::unwrapIfClosure(Object(Closure))
#14 E:\\laragon\\www\\schoolv5_2\\infixedu_v5.2\\vendor\\laravel\\framework\\src\\Illuminate\\Container\\BoundMethod.php(39): Illuminate\\Container\\BoundMethod::callBoundMethod(Object(Illuminate\\Foundation\\Application), Array, Object(Closure))
#15 E:\\laragon\\www\\schoolv5_2\\infixedu_v5.2\\vendor\\laravel\\framework\\src\\Illuminate\\Container\\Container.php(596): Illuminate\\Container\\BoundMethod::call(Object(Illuminate\\Foundation\\Application), Array, Array, NULL)
#16 E:\\laragon\\www\\schoolv5_2\\infixedu_v5.2\\vendor\\laravel\\framework\\src\\Illuminate\\Database\\Seeder.php(134): Illuminate\\Container\\Container->call(Array)
#17 E:\\laragon\\www\\schoolv5_2\\infixedu_v5.2\\vendor\\laravel\\framework\\src\\Illuminate\\Database\\Seeder.php(48): Illuminate\\Database\\Seeder->__invoke()
#18 E:\\laragon\\www\\schoolv5_2\\infixedu_v5.2\\database\\seeds\\DatabaseSeeder.php(23): Illuminate\\Database\\Seeder->call('sm_sectionsSeed...')
#19 [internal function]: DatabaseSeeder->run()
#20 E:\\laragon\\www\\schoolv5_2\\infixedu_v5.2\\vendor\\laravel\\framework\\src\\Illuminate\\Container\\BoundMethod.php(37): call_user_func_array(Array, Array)
#21 E:\\laragon\\www\\schoolv5_2\\infixedu_v5.2\\vendor\\laravel\\framework\\src\\Illuminate\\Container\\Util.php(37): Illuminate\\Container\\BoundMethod::Illuminate\\Container\\{closure}()
#22 E:\\laragon\\www\\schoolv5_2\\infixedu_v5.2\\vendor\\laravel\\framework\\src\\Illuminate\\Container\\BoundMethod.php(95): Illuminate\\Container\\Util::unwrapIfClosure(Object(Closure))
#23 E:\\laragon\\www\\schoolv5_2\\infixedu_v5.2\\vendor\\laravel\\framework\\src\\Illuminate\\Container\\BoundMethod.php(39): Illuminate\\Container\\BoundMethod::callBoundMethod(Object(Illuminate\\Foundation\\Application), Array, Object(Closure))
#24 E:\\laragon\\www\\schoolv5_2\\infixedu_v5.2\\vendor\\laravel\\framework\\src\\Illuminate\\Container\\Container.php(596): Illuminate\\Container\\BoundMethod::call(Object(Illuminate\\Foundation\\Application), Array, Array, NULL)
#25 E:\\laragon\\www\\schoolv5_2\\infixedu_v5.2\\vendor\\laravel\\framework\\src\\Illuminate\\Database\\Seeder.php(134): Illuminate\\Container\\Container->call(Array)
#26 E:\\laragon\\www\\schoolv5_2\\infixedu_v5.2\\vendor\\laravel\\framework\\src\\Illuminate\\Database\\Console\\Seeds\\SeedCommand.php(65): Illuminate\\Database\\Seeder->__invoke()
#27 E:\\laragon\\www\\schoolv5_2\\infixedu_v5.2\\vendor\\laravel\\framework\\src\\Illuminate\\Database\\Eloquent\\Concerns\\GuardsAttributes.php(155): Illuminate\\Database\\Console\\Seeds\\SeedCommand->Illuminate\\Database\\Console\\Seeds\\{closure}()
#28 E:\\laragon\\www\\schoolv5_2\\infixedu_v5.2\\vendor\\laravel\\framework\\src\\Illuminate\\Database\\Console\\Seeds\\SeedCommand.php(66): Illuminate\\Database\\Eloquent\\Model::unguarded(Object(Closure))
#29 [internal function]: Illuminate\\Database\\Console\\Seeds\\SeedCommand->handle()
#30 E:\\laragon\\www\\schoolv5_2\\infixedu_v5.2\\vendor\\laravel\\framework\\src\\Illuminate\\Container\\BoundMethod.php(37): call_user_func_array(Array, Array)
#31 E:\\laragon\\www\\schoolv5_2\\infixedu_v5.2\\vendor\\laravel\\framework\\src\\Illuminate\\Container\\Util.php(37): Illuminate\\Container\\BoundMethod::Illuminate\\Container\\{closure}()
#32 E:\\laragon\\www\\schoolv5_2\\infixedu_v5.2\\vendor\\laravel\\framework\\src\\Illuminate\\Container\\BoundMethod.php(95): Illuminate\\Container\\Util::unwrapIfClosure(Object(Closure))
#33 E:\\laragon\\www\\schoolv5_2\\infixedu_v5.2\\vendor\\laravel\\framework\\src\\Illuminate\\Container\\BoundMethod.php(39): Illuminate\\Container\\BoundMethod::callBoundMethod(Object(Illuminate\\Foundation\\Application), Array, Object(Closure))
#34 E:\\laragon\\www\\schoolv5_2\\infixedu_v5.2\\vendor\\laravel\\framework\\src\\Illuminate\\Container\\Container.php(596): Illuminate\\Container\\BoundMethod::call(Object(Illuminate\\Foundation\\Application), Array, Array, NULL)
#35 E:\\laragon\\www\\schoolv5_2\\infixedu_v5.2\\vendor\\laravel\\framework\\src\\Illuminate\\Console\\Command.php(134): Illuminate\\Container\\Container->call(Array)
#36 E:\\laragon\\www\\schoolv5_2\\infixedu_v5.2\\vendor\\symfony\\console\\Command\\Command.php(258): Illuminate\\Console\\Command->execute(Object(Symfony\\Component\\Console\\Input\\ArgvInput), Object(Illuminate\\Console\\OutputStyle))
#37 E:\\laragon\\www\\schoolv5_2\\infixedu_v5.2\\vendor\\laravel\\framework\\src\\Illuminate\\Console\\Command.php(121): Symfony\\Component\\Console\\Command\\Command->run(Object(Symfony\\Component\\Console\\Input\\ArgvInput), Object(Illuminate\\Console\\OutputStyle))
#38 E:\\laragon\\www\\schoolv5_2\\infixedu_v5.2\\vendor\\symfony\\console\\Application.php(916): Illuminate\\Console\\Command->run(Object(Symfony\\Component\\Console\\Input\\ArgvInput), Object(Symfony\\Component\\Console\\Output\\ConsoleOutput))
#39 E:\\laragon\\www\\schoolv5_2\\infixedu_v5.2\\vendor\\symfony\\console\\Application.php(264): Symfony\\Component\\Console\\Application->doRunCommand(Object(Illuminate\\Database\\Console\\Seeds\\SeedCommand), Object(Symfony\\Component\\Console\\Input\\ArgvInput), Object(Symfony\\Component\\Console\\Output\\ConsoleOutput))
#40 E:\\laragon\\www\\schoolv5_2\\infixedu_v5.2\\vendor\\symfony\\console\\Application.php(140): Symfony\\Component\\Console\\Application->doRun(Object(Symfony\\Component\\Console\\Input\\ArgvInput), Object(Symfony\\Component\\Console\\Output\\ConsoleOutput))
#41 E:\\laragon\\www\\schoolv5_2\\infixedu_v5.2\\vendor\\laravel\\framework\\src\\Illuminate\\Console\\Application.php(93): Symfony\\Component\\Console\\Application->run(Object(Symfony\\Component\\Console\\Input\\ArgvInput), Object(Symfony\\Component\\Console\\Output\\ConsoleOutput))
#42 E:\\laragon\\www\\schoolv5_2\\infixedu_v5.2\\vendor\\laravel\\framework\\src\\Illuminate\\Foundation\\Console\\Kernel.php(129): Illuminate\\Console\\Application->run(Object(Symfony\\Component\\Console\\Input\\ArgvInput), Object(Symfony\\Component\\Console\\Output\\ConsoleOutput))
#43 E:\\laragon\\www\\schoolv5_2\\infixedu_v5.2\\artisan(37): Illuminate\\Foundation\\Console\\Kernel->handle(Object(Symfony\\Component\\Console\\Input\\ArgvInput), Object(Symfony\\Component\\Console\\Output\\ConsoleOutput))
#44 {main}

[previous exception] [object] (PDOException(code: 23000): SQLSTATE[23000]: Integrity constraint violation: 1452 Cannot add or update a child row: a foreign key constraint fails (`spondon_demo`.`sm_sections`, CONSTRAINT `sm_sections_school_id_foreign` FOREIGN KEY (`school_id`) REFERENCES `sm_schools` (`id`) ON DELETE CASCADE) at E:\\laragon\\www\\schoolv5_2\\infixedu_v5.2\\vendor\\laravel\\framework\\src\\Illuminate\\Database\\Connection.php:464)
[stacktrace]
#0 E:\\laragon\\www\\schoolv5_2\\infixedu_v5.2\\vendor\\laravel\\framework\\src\\Illuminate\\Database\\Connection.php(464): PDOStatement->execute()
#1 E:\\laragon\\www\\schoolv5_2\\infixedu_v5.2\\vendor\\laravel\\framework\\src\\Illuminate\\Database\\Connection.php(664): Illuminate\\Database\\Connection->Illuminate\\Database\\{closure}('insert into `sm...', Array)
#2 E:\\laragon\\www\\schoolv5_2\\infixedu_v5.2\\vendor\\laravel\\framework\\src\\Illuminate\\Database\\Connection.php(631): Illuminate\\Database\\Connection->runQueryCallback('insert into `sm...', Array, Object(Closure))
#3 E:\\laragon\\www\\schoolv5_2\\infixedu_v5.2\\vendor\\laravel\\framework\\src\\Illuminate\\Database\\Connection.php(465): Illuminate\\Database\\Connection->run('insert into `sm...', Array, Object(Closure))
#4 E:\\laragon\\www\\schoolv5_2\\infixedu_v5.2\\vendor\\laravel\\framework\\src\\Illuminate\\Database\\Connection.php(417): Illuminate\\Database\\Connection->statement('insert into `sm...', Array)
#5 E:\\laragon\\www\\schoolv5_2\\infixedu_v5.2\\vendor\\laravel\\framework\\src\\Illuminate\\Database\\Query\\Processors\\Processor.php(32): Illuminate\\Database\\Connection->insert('insert into `sm...', Array)
#6 E:\\laragon\\www\\schoolv5_2\\infixedu_v5.2\\vendor\\laravel\\framework\\src\\Illuminate\\Database\\Query\\Builder.php(2829): Illuminate\\Database\\Query\\Processors\\Processor->processInsertGetId(Object(Illuminate\\Database\\Query\\Builder), 'insert into `sm...', Array, 'id')
#7 E:\\laragon\\www\\schoolv5_2\\infixedu_v5.2\\vendor\\laravel\\framework\\src\\Illuminate\\Database\\Eloquent\\Builder.php(1411): Illuminate\\Database\\Query\\Builder->insertGetId(Array, 'id')
#8 E:\\laragon\\www\\schoolv5_2\\infixedu_v5.2\\vendor\\laravel\\framework\\src\\Illuminate\\Database\\Eloquent\\Model.php(902): Illuminate\\Database\\Eloquent\\Builder->__call('insertGetId', Array)
#9 E:\\laragon\\www\\schoolv5_2\\infixedu_v5.2\\vendor\\laravel\\framework\\src\\Illuminate\\Database\\Eloquent\\Model.php(867): Illuminate\\Database\\Eloquent\\Model->insertAndSetId(Object(Illuminate\\Database\\Eloquent\\Builder), Array)
#10 E:\\laragon\\www\\schoolv5_2\\infixedu_v5.2\\vendor\\laravel\\framework\\src\\Illuminate\\Database\\Eloquent\\Model.php(730): Illuminate\\Database\\Eloquent\\Model->performInsert(Object(Illuminate\\Database\\Eloquent\\Builder))
#11 E:\\laragon\\www\\schoolv5_2\\infixedu_v5.2\\database\\seeds\\sm_sectionsSeeder.php(24): Illuminate\\Database\\Eloquent\\Model->save()
#12 [internal function]: sm_sectionsSeeder->run()
#13 E:\\laragon\\www\\schoolv5_2\\infixedu_v5.2\\vendor\\laravel\\framework\\src\\Illuminate\\Container\\BoundMethod.php(37): call_user_func_array(Array, Array)
#14 E:\\laragon\\www\\schoolv5_2\\infixedu_v5.2\\vendor\\laravel\\framework\\src\\Illuminate\\Container\\Util.php(37): Illuminate\\Container\\BoundMethod::Illuminate\\Container\\{closure}()
#15 E:\\laragon\\www\\schoolv5_2\\infixedu_v5.2\\vendor\\laravel\\framework\\src\\Illuminate\\Container\\BoundMethod.php(95): Illuminate\\Container\\Util::unwrapIfClosure(Object(Closure))
#16 E:\\laragon\\www\\schoolv5_2\\infixedu_v5.2\\vendor\\laravel\\framework\\src\\Illuminate\\Container\\BoundMethod.php(39): Illuminate\\Container\\BoundMethod::callBoundMethod(Object(Illuminate\\Foundation\\Application), Array, Object(Closure))
#17 E:\\laragon\\www\\schoolv5_2\\infixedu_v5.2\\vendor\\laravel\\framework\\src\\Illuminate\\Container\\Container.php(596): Illuminate\\Container\\BoundMethod::call(Object(Illuminate\\Foundation\\Application), Array, Array, NULL)
#18 E:\\laragon\\www\\schoolv5_2\\infixedu_v5.2\\vendor\\laravel\\framework\\src\\Illuminate\\Database\\Seeder.php(134): Illuminate\\Container\\Container->call(Array)
#19 E:\\laragon\\www\\schoolv5_2\\infixedu_v5.2\\vendor\\laravel\\framework\\src\\Illuminate\\Database\\Seeder.php(48): Illuminate\\Database\\Seeder->__invoke()
#20 E:\\laragon\\www\\schoolv5_2\\infixedu_v5.2\\database\\seeds\\DatabaseSeeder.php(23): Illuminate\\Database\\Seeder->call('sm_sectionsSeed...')
#21 [internal function]: DatabaseSeeder->run()
#22 E:\\laragon\\www\\schoolv5_2\\infixedu_v5.2\\vendor\\laravel\\framework\\src\\Illuminate\\Container\\BoundMethod.php(37): call_user_func_array(Array, Array)
#23 E:\\laragon\\www\\schoolv5_2\\infixedu_v5.2\\vendor\\laravel\\framework\\src\\Illuminate\\Container\\Util.php(37): Illuminate\\Container\\BoundMethod::Illuminate\\Container\\{closure}()
#24 E:\\laragon\\www\\schoolv5_2\\infixedu_v5.2\\vendor\\laravel\\framework\\src\\Illuminate\\Container\\BoundMethod.php(95): Illuminate\\Container\\Util::unwrapIfClosure(Object(Closure))
#25 E:\\laragon\\www\\schoolv5_2\\infixedu_v5.2\\vendor\\laravel\\framework\\src\\Illuminate\\Container\\BoundMethod.php(39): Illuminate\\Container\\BoundMethod::callBoundMethod(Object(Illuminate\\Foundation\\Application), Array, Object(Closure))
#26 E:\\laragon\\www\\schoolv5_2\\infixedu_v5.2\\vendor\\laravel\\framework\\src\\Illuminate\\Container\\Container.php(596): Illuminate\\Container\\BoundMethod::call(Object(Illuminate\\Foundation\\Application), Array, Array, NULL)
#27 E:\\laragon\\www\\schoolv5_2\\infixedu_v5.2\\vendor\\laravel\\framework\\src\\Illuminate\\Database\\Seeder.php(134): Illuminate\\Container\\Container->call(Array)
#28 E:\\laragon\\www\\schoolv5_2\\infixedu_v5.2\\vendor\\laravel\\framework\\src\\Illuminate\\Database\\Console\\Seeds\\SeedCommand.php(65): Illuminate\\Database\\Seeder->__invoke()
#29 E:\\laragon\\www\\schoolv5_2\\infixedu_v5.2\\vendor\\laravel\\framework\\src\\Illuminate\\Database\\Eloquent\\Concerns\\GuardsAttributes.php(155): Illuminate\\Database\\Console\\Seeds\\SeedCommand->Illuminate\\Database\\Console\\Seeds\\{closure}()
#30 E:\\laragon\\www\\schoolv5_2\\infixedu_v5.2\\vendor\\laravel\\framework\\src\\Illuminate\\Database\\Console\\Seeds\\SeedCommand.php(66): Illuminate\\Database\\Eloquent\\Model::unguarded(Object(Closure))
#31 [internal function]: Illuminate\\Database\\Console\\Seeds\\SeedCommand->handle()
#32 E:\\laragon\\www\\schoolv5_2\\infixedu_v5.2\\vendor\\laravel\\framework\\src\\Illuminate\\Container\\BoundMethod.php(37): call_user_func_array(Array, Array)
#33 E:\\laragon\\www\\schoolv5_2\\infixedu_v5.2\\vendor\\laravel\\framework\\src\\Illuminate\\Container\\Util.php(37): Illuminate\\Container\\BoundMethod::Illuminate\\Container\\{closure}()
#34 E:\\laragon\\www\\schoolv5_2\\infixedu_v5.2\\vendor\\laravel\\framework\\src\\Illuminate\\Container\\BoundMethod.php(95): Illuminate\\Container\\Util::unwrapIfClosure(Object(Closure))
#35 E:\\laragon\\www\\schoolv5_2\\infixedu_v5.2\\vendor\\laravel\\framework\\src\\Illuminate\\Container\\BoundMethod.php(39): Illuminate\\Container\\BoundMethod::callBoundMethod(Object(Illuminate\\Foundation\\Application), Array, Object(Closure))
#36 E:\\laragon\\www\\schoolv5_2\\infixedu_v5.2\\vendor\\laravel\\framework\\src\\Illuminate\\Container\\Container.php(596): Illuminate\\Container\\BoundMethod::call(Object(Illuminate\\Foundation\\Application), Array, Array, NULL)
#37 E:\\laragon\\www\\schoolv5_2\\infixedu_v5.2\\vendor\\laravel\\framework\\src\\Illuminate\\Console\\Command.php(134): Illuminate\\Container\\Container->call(Array)
#38 E:\\laragon\\www\\schoolv5_2\\infixedu_v5.2\\vendor\\symfony\\console\\Command\\Command.php(258): Illuminate\\Console\\Command->execute(Object(Symfony\\Component\\Console\\Input\\ArgvInput), Object(Illuminate\\Console\\OutputStyle))
#39 E:\\laragon\\www\\schoolv5_2\\infixedu_v5.2\\vendor\\laravel\\framework\\src\\Illuminate\\Console\\Command.php(121): Symfony\\Component\\Console\\Command\\Command->run(Object(Symfony\\Component\\Console\\Input\\ArgvInput), Object(Illuminate\\Console\\OutputStyle))
#40 E:\\laragon\\www\\schoolv5_2\\infixedu_v5.2\\vendor\\symfony\\console\\Application.php(916): Illuminate\\Console\\Command->run(Object(Symfony\\Component\\Console\\Input\\ArgvInput), Object(Symfony\\Component\\Console\\Output\\ConsoleOutput))
#41 E:\\laragon\\www\\schoolv5_2\\infixedu_v5.2\\vendor\\symfony\\console\\Application.php(264): Symfony\\Component\\Console\\Application->doRunCommand(Object(Illuminate\\Database\\Console\\Seeds\\SeedCommand), Object(Symfony\\Component\\Console\\Input\\ArgvInput), Object(Symfony\\Component\\Console\\Output\\ConsoleOutput))
#42 E:\\laragon\\www\\schoolv5_2\\infixedu_v5.2\\vendor\\symfony\\console\\Application.php(140): Symfony\\Component\\Console\\Application->doRun(Object(Symfony\\Component\\Console\\Input\\ArgvInput), Object(Symfony\\Component\\Console\\Output\\ConsoleOutput))
#43 E:\\laragon\\www\\schoolv5_2\\infixedu_v5.2\\vendor\\laravel\\framework\\src\\Illuminate\\Console\\Application.php(93): Symfony\\Component\\Console\\Application->run(Object(Symfony\\Component\\Console\\Input\\ArgvInput), Object(Symfony\\Component\\Console\\Output\\ConsoleOutput))
#44 E:\\laragon\\www\\schoolv5_2\\infixedu_v5.2\\vendor\\laravel\\framework\\src\\Illuminate\\Foundation\\Console\\Kernel.php(129): Illuminate\\Console\\Application->run(Object(Symfony\\Component\\Console\\Input\\ArgvInput), Object(Symfony\\Component\\Console\\Output\\ConsoleOutput))
#45 E:\\laragon\\www\\schoolv5_2\\infixedu_v5.2\\artisan(37): Illuminate\\Foundation\\Console\\Kernel->handle(Object(Symfony\\Component\\Console\\Input\\ArgvInput), Object(Symfony\\Component\\Console\\Output\\ConsoleOutput))
#46 {main}
"} 
